{"name": "test_sans_famille_filter", "status": "failed", "statusDetails": {"message": "AssertionError: Not all students have 'non affecté' image\nassert False\n +  where False = <bound method StudentFilterPage.check_all_students_have_sans_famille_image of <pages.access.school_card.student_filter_page.StudentFilterPage object at 0x000001F5064485B0>>()\n +    where <bound method StudentFilterPage.check_all_students_have_sans_famille_image of <pages.access.school_card.student_filter_page.StudentFilterPage object at 0x000001F5064485B0>> = <pages.access.school_card.student_filter_page.StudentFilterPage object at 0x000001F5064485B0>.check_all_students_have_sans_famille_image", "trace": "filter_page = <pages.access.school_card.student_filter_page.StudentFilterPage object at 0x000001F5064485B0>\n\n    def test_sans_famille_filter(filter_page):\n        \"\"\"Test the 'Sans famille' filter functionality\"\"\"\n        # Apply the 'Sans famille' filter\n        filter_page.apply_filter(filter_page.SANS_FAMILLE_FILTER)\n    \n        # Verify the filter facet text\n        facet_text = filter_page.get_filter_facet_text()\n        assert facet_text == \"Sans famille\", f\"Filter facet text is '{facet_text}' but expected 'Sans famille'\"\n    \n        # Verify all students have 'non affecté' image\n>       assert filter_page.check_all_students_have_sans_famille_image(), \"Not all students have 'non affecté' image\"\nE       AssertionError: Not all students have 'non affecté' image\nE       assert False\nE        +  where False = <bound method StudentFilterPage.check_all_students_have_sans_famille_image of <pages.access.school_card.student_filter_page.StudentFilterPage object at 0x000001F5064485B0>>()\nE        +    where <bound method StudentFilterPage.check_all_students_have_sans_famille_image of <pages.access.school_card.student_filter_page.StudentFilterPage object at 0x000001F5064485B0>> = <pages.access.school_card.student_filter_page.StudentFilterPage object at 0x000001F5064485B0>.check_all_students_have_sans_famille_image\n\ntests\\acces\\test_student_filters.py:136: AssertionError"}, "description": "Test the 'Sans famille' filter functionality", "attachments": [{"name": "stdout", "source": "4ff88a86-8a95-42ac-b5cc-5b82dd2f7638-attachment.txt", "type": "text/plain"}], "start": 1747150492573, "stop": 1747150502653, "uuid": "2a84e8ad-a89c-4c15-ac0c-599be8ad21e9", "historyId": "1d8ce46c1d68b702655acb84db67560a", "testCaseId": "1d8ce46c1d68b702655acb84db67560a", "fullName": "tests.acces.test_student_filters#test_sans_famille_filter", "labels": [{"name": "parentSuite", "value": "tests.acces"}, {"name": "suite", "value": "test_student_filters"}, {"name": "host", "value": "DESKTOP-LKP4IQM"}, {"name": "thread", "value": "19468-MainThread"}, {"name": "framework", "value": "pytest"}, {"name": "language", "value": "cpython3"}, {"name": "package", "value": "tests.acces.test_student_filters"}]}