{"name": "test_student_page_displays_students", "status": "failed", "statusDetails": {"message": "AssertionError: Total student count issue\nassert 326 >= 1358", "trace": "student_page = <pages.access.school_card.student_inscrit_page.StudentInscritPage object at 0x000002C46EBA3640>\n\n    @allure.feature(\"Student Enrollment\")\n    @allure.story(\"Student Display\")\n    def test_student_page_displays_students(student_page):\n        \"\"\"Test that the student enrollment page shows student cards\"\"\"\n        with allure.step(\"Verify student cards are displayed\"):\n            # Verify student cards are displayed\n            visible_count = student_page.get_visible_students_count()\n            allure.attach(f\"Visible student count: {visible_count}\", name=\"Visible Students\", attachment_type=allure.attachment_type.TEXT)\n            assert visible_count > 0, \"No student cards visible on the page\"\n    \n        with allure.step(\"Verify total student count\"):\n            # Verify total count\n            total_count = student_page.get_total_students_count()\n            allure.attach(f\"Total student count: {total_count}\", name=\"Total Students\", attachment_type=allure.attachment_type.TEXT)\n>           assert total_count >= visible_count, \"Total student count issue\"\nE           AssertionError: Total student count issue\nE           assert 326 >= 1358\n\ntests\\acces\\test_student_inscrit.py:63: AssertionError"}, "description": "Test that the student enrollment page shows student cards", "steps": [{"name": "Verify student cards are displayed", "status": "passed", "attachments": [{"name": "Visible Students", "source": "a9f543c6-f12a-4a17-966c-ccbb82cd6d27-attachment.txt", "type": "text/plain"}], "start": 1747394108028, "stop": 1747394110250}, {"name": "Verify total student count", "status": "failed", "statusDetails": {"message": "AssertionError: Total student count issue\nassert 326 >= 1358\n", "trace": "  File \"C:\\Users\\lenovo\\Desktop\\nawat-automation-master\\tests\\acces\\test_student_inscrit.py\", line 63, in test_student_page_displays_students\n    assert total_count >= visible_count, \"Total student count issue\"\n"}, "attachments": [{"name": "Total Students", "source": "b9e8c9e2-a537-4ae2-8c4f-0652e14799ec-attachment.txt", "type": "text/plain"}], "start": 1747394110250, "stop": 1747394110434}], "start": 1747394108027, "stop": 1747394110435, "uuid": "2cd1e688-d0e2-459f-909e-e3b1f4c49c54", "historyId": "2886bcbfc0752afb32da9ea6b44a3f97", "testCaseId": "2886bcbfc0752afb32da9ea6b44a3f97", "fullName": "tests.acces.test_student_inscrit#test_student_page_displays_students", "labels": [{"name": "feature", "value": "Student Enrollment"}, {"name": "story", "value": "Student Display"}, {"name": "parentSuite", "value": "tests.acces"}, {"name": "suite", "value": "test_student_inscrit"}, {"name": "host", "value": "DESKTOP-LKP4IQM"}, {"name": "thread", "value": "13196-MainThread"}, {"name": "framework", "value": "pytest"}, {"name": "language", "value": "cpython3"}, {"name": "package", "value": "tests.acces.test_student_inscrit"}]}